<?xml version="1.0" encoding="UTF-8"?>
<testng-results skipped="0" failed="1" ignored="0" total="1" passed="0">
  <reporter-output>
  </reporter-output>
  <suite name="Regression Suite" duration-ms="22177" started-at="2022-12-02T17:29:34 CET" finished-at="2022-12-02T17:29:56 CET">
    <groups>
    </groups>
    <test name="Regression Test" duration-ms="22177" started-at="2022-12-02T17:29:34 CET" finished-at="2022-12-02T17:29:56 CET">
      <class name="in.co.mercuryTravel.test.MercuryTravelTests">
        <test-method status="PASS" signature="presetup()[pri:0, instance:in.co.mercuryTravel.test.MercuryTravelTests@67b467e9]" name="presetup" is-config="true" duration-ms="261" started-at="2022-12-02T17:29:34 CET" finished-at="2022-12-02T17:29:34 CET">
          <reporter-output>
          </reporter-output>
        </test-method> <!-- presetup -->
        <test-method status="PASS" signature="setup()[pri:0, instance:in.co.mercuryTravel.test.MercuryTravelTests@67b467e9]" name="setup" is-config="true" duration-ms="9972" started-at="2022-12-02T17:29:34 CET" finished-at="2022-12-02T17:29:44 CET">
          <reporter-output>
          </reporter-output>
        </test-method> <!-- setup -->
        <test-method status="FAIL" signature="VerifyUserLoginWithCorrectCredentials()[pri:0, instance:in.co.mercuryTravel.test.MercuryTravelTests@67b467e9]" name="VerifyUserLoginWithCorrectCredentials" duration-ms="10648" started-at="2022-12-02T17:29:44 CET" finished-at="2022-12-02T17:29:55 CET">
          <exception class="java.lang.AssertionError">
            <message>
              <![CDATA[expected [Welcome, Nithya] but found [Welcome, Nithya 1]]]>
            </message>
            <full-stacktrace>
              <![CDATA[java.lang.AssertionError: expected [Welcome, Nithya] but found [Welcome, Nithya 1]
at org.testng.Assert.fail(Assert.java:99)
at org.testng.Assert.failNotEquals(Assert.java:1037)
at org.testng.Assert.assertEqualsImpl(Assert.java:140)
at org.testng.Assert.assertEquals(Assert.java:122)
at org.testng.Assert.assertEquals(Assert.java:629)
at org.testng.Assert.assertEquals(Assert.java:639)
at in.co.mercuryTravel.test.MercuryTravelTests.VerifyUserLoginWithCorrectCredentials(MercuryTravelTests.java:30)
at sun.reflect.NativeMethodAccessorImpl.invoke0(Native Method)
at sun.reflect.NativeMethodAccessorImpl.invoke(NativeMethodAccessorImpl.java:62)
at sun.reflect.DelegatingMethodAccessorImpl.invoke(DelegatingMethodAccessorImpl.java:43)
at java.lang.reflect.Method.invoke(Method.java:498)
at org.testng.internal.MethodInvocationHelper.invokeMethod(MethodInvocationHelper.java:133)
at org.testng.internal.TestInvoker.invokeMethod(TestInvoker.java:598)
at org.testng.internal.TestInvoker.invokeTestMethod(TestInvoker.java:173)
at org.testng.internal.MethodRunner.runInSequence(MethodRunner.java:46)
at org.testng.internal.TestInvoker$MethodInvocationAgent.invoke(TestInvoker.java:824)
at org.testng.internal.TestInvoker.invokeTestMethods(TestInvoker.java:146)
at org.testng.internal.TestMethodWorker.invokeTestMethods(TestMethodWorker.java:146)
at org.testng.internal.TestMethodWorker.run(TestMethodWorker.java:128)
at java.util.ArrayList.forEach(ArrayList.java:1259)
at org.testng.TestRunner.privateRun(TestRunner.java:794)
at org.testng.TestRunner.run(TestRunner.java:596)
at org.testng.SuiteRunner.runTest(SuiteRunner.java:377)
at org.testng.SuiteRunner.runSequentially(SuiteRunner.java:371)
at org.testng.SuiteRunner.privateRun(SuiteRunner.java:332)
at org.testng.SuiteRunner.run(SuiteRunner.java:276)
at org.testng.SuiteRunnerWorker.runSuite(SuiteRunnerWorker.java:53)
at org.testng.SuiteRunnerWorker.run(SuiteRunnerWorker.java:96)
at org.testng.TestNG.runSuitesSequentially(TestNG.java:1212)
at org.testng.TestNG.runSuitesLocally(TestNG.java:1134)
at org.testng.TestNG.runSuites(TestNG.java:1063)
at org.testng.TestNG.run(TestNG.java:1031)
at org.testng.remote.AbstractRemoteTestNG.run(AbstractRemoteTestNG.java:115)
at org.testng.remote.RemoteTestNG.initAndRun(RemoteTestNG.java:251)
at org.testng.remote.RemoteTestNG.main(RemoteTestNG.java:77)
]]>
            </full-stacktrace>
          </exception> <!-- java.lang.AssertionError -->
          <reporter-output>
          </reporter-output>
        </test-method> <!-- VerifyUserLoginWithCorrectCredentials -->
        <test-method status="PASS" signature="aftermethod(org.testng.ITestResult)[pri:0, instance:in.co.mercuryTravel.test.MercuryTravelTests@67b467e9]" name="aftermethod" is-config="true" duration-ms="586" started-at="2022-12-02T17:29:55 CET" finished-at="2022-12-02T17:29:55 CET">
          <params>
            <param index="0">
              <value>
                <![CDATA[[TestResult name=VerifyUserLoginWithCorrectCredentials status=FAILURE method=MercuryTravelTests.VerifyUserLoginWithCorrectCredentials()[pri:0, instance:in.co.mercuryTravel.test.MercuryTravelTests@67b467e9] output={null}]]]>
              </value>
            </param>
          </params>
          <reporter-output>
          </reporter-output>
        </test-method> <!-- aftermethod -->
        <test-method status="PASS" signature="cleanup()[pri:0, instance:in.co.mercuryTravel.test.MercuryTravelTests@67b467e9]" name="cleanup" is-config="true" duration-ms="882" started-at="2022-12-02T17:29:55 CET" finished-at="2022-12-02T17:29:56 CET">
          <reporter-output>
          </reporter-output>
        </test-method> <!-- cleanup -->
        <test-method status="PASS" signature="postcleanup()[pri:0, instance:in.co.mercuryTravel.test.MercuryTravelTests@67b467e9]" name="postcleanup" is-config="true" duration-ms="781" started-at="2022-12-02T17:29:56 CET" finished-at="2022-12-02T17:29:57 CET">
          <reporter-output>
          </reporter-output>
        </test-method> <!-- postcleanup -->
      </class> <!-- in.co.mercuryTravel.test.MercuryTravelTests -->
    </test> <!-- Regression Test -->
  </suite> <!-- Regression Suite -->
</testng-results>
