<?xml version="1.0" encoding="UTF-8"?>
<!-- Generated by org.testng.reporters.JUnitXMLReporter -->
<testsuite hostname="LAPTOP-H7S1G7K9" ignored="0" name="Regression Test" tests="1" failures="1" timestamp="2022-12-02T17:29:56 CET" time="22.177" errors="0">
  <testcase name="VerifyUserLoginWithCorrectCredentials" time="10.648" classname="in.co.mercuryTravel.test.MercuryTravelTests">
    <failure type="java.lang.AssertionError" message="expected [Welcome, Nithya] but found [Welcome, Nithya 1]">
      <![CDATA[java.lang.AssertionError: expected [Welcome, Nithya] but found [Welcome, Nithya 1]
at in.co.mercuryTravel.test.MercuryTravelTests.VerifyUserLoginWithCorrectCredentials(MercuryTravelTests.java:30)
at java.util.ArrayList.forEach(ArrayList.java:1259)
... Removed 33 stack frames]]>
    </failure>
  </testcase> <!-- VerifyUserLoginWithCorrectCredentials -->
</testsuite> <!-- Regression Test -->
